0 info it worked if it ends with ok
1 verbose cli [ '/usr/bin/node', '/usr/bin/npm', 'start' ]
2 info using npm@6.14.4
3 info using node@v10.19.0
4 verbose run-script [ 'prestart', 'start', 'poststart' ]
5 info lifecycle study-todo@0.1.0~prestart: study-todo@0.1.0
6 info lifecycle study-todo@0.1.0~start: study-todo@0.1.0
7 verbose lifecycle study-todo@0.1.0~start: unsafe-perm in lifecycle true
8 verbose lifecycle study-todo@0.1.0~start: PATH: /usr/share/npm/node_modules/npm-lifecycle/node-gyp-bin:/home/kimhw0820/react-todolist-student/node_modules/.bin:/home/kimhw0820/pintos/src/utils:/home/kimhw0820/.vscode-server/bin/6cba118ac49a1b88332f312a8f67186f7f3c1643/bin:/home/kimhw0820/pintos/src/utils:/usr/local/sbin:/usr/local/bin:/usr/sbin:/usr/bin:/sbin:/bin:/usr/games:/usr/local/games:/mnt/c/Windows/system32:/mnt/c/Windows:/mnt/c/Windows/System32/Wbem:/mnt/c/Windows/System32/WindowsPowerShell/v1.0/:/mnt/c/Windows/System32/OpenSSH/:/mnt/c/Program Files/PuTTY/:/mnt/c/Program Files (x86)/NVIDIA Corporation/PhysX/Common:/mnt/c/Program Files/NVIDIA Corporation/NVIDIA NvDLISR:/mnt/c/MinGW/bin:/mnt/c/Program Files/Docker/Docker/resources/bin:/mnt/c/ProgramData/DockerDesktop/version-bin:/mnt/c/Users/USER/AppData/Local/Programs/Python/Python39/Scripts/:/mnt/c/Users/USER/AppData/Local/Programs/Python/Python39/:/mnt/c/Users/USER/AppData/Local/Microsoft/WindowsApps:/mnt/c/Users/USER/AppData/Local/Programs/Microsoft VS Code/bin:/mnt/c/Program Files/Bandizip/:/snap/bin
9 verbose lifecycle study-todo@0.1.0~start: CWD: /home/kimhw0820/react-todolist-student
10 silly lifecycle study-todo@0.1.0~start: Args: [ '-c', 'react-scripts start' ]
11 info lifecycle study-todo@0.1.0~start: Failed to exec start script
12 verbose stack Error: study-todo@0.1.0 start: `react-scripts start`
12 verbose stack spawn ENOENT
12 verbose stack     at ChildProcess.<anonymous> (/usr/share/npm/node_modules/npm-lifecycle/lib/spawn.js:48:18)
12 verbose stack     at ChildProcess.emit (events.js:198:13)
12 verbose stack     at maybeClose (internal/child_process.js:982:16)
12 verbose stack     at Process.ChildProcess._handle.onexit (internal/child_process.js:259:5)
13 verbose pkgid study-todo@0.1.0
14 verbose cwd /home/kimhw0820/react-todolist-student
15 verbose Linux 5.10.16.3-microsoft-standard-WSL2
16 verbose argv "/usr/bin/node" "/usr/bin/npm" "start"
17 verbose node v10.19.0
18 verbose npm  v6.14.4
19 error code ELIFECYCLE
20 error syscall spawn
21 error file sh
22 error errno ENOENT
23 error study-todo@0.1.0 start: `react-scripts start`
23 error spawn ENOENT
24 error Failed at the study-todo@0.1.0 start script.
24 error This is probably not a problem with npm. There is likely additional logging output above.
25 verbose exit [ 1, true ]
